proguard/seeds.txt
com.shwootide.mdm.R$array: int cheese_responses
com.shwootide.mdm.R$array: int clip_data_types
com.shwootide.mdm.R$array: int colors
com.shwootide.mdm.R$array: int entries_list_preference
com.shwootide.mdm.R$array: int entryvalues_list_preference
com.shwootide.mdm.R$array: int password_qualities
com.shwootide.mdm.R$array: int planets
com.shwootide.mdm.R$array: int screen_orientations
com.shwootide.mdm.R$array: int search_menuModes
com.shwootide.mdm.R$array: int secure_view_clicked
com.shwootide.mdm.R$array: int select_dialog_items
com.shwootide.mdm.R$array: int select_dialog_items2
com.shwootide.mdm.R$array: int select_dialog_items3
com.shwootide.mdm.R$color: int badgebg
com.shwootide.mdm.R$color: int badgetextcolor
com.shwootide.mdm.R$color: int bgcolor
com.shwootide.mdm.R$color: int black
com.shwootide.mdm.R$color: int blue
com.shwootide.mdm.R$color: int content_list_color
com.shwootide.mdm.R$color: int contents_text
com.shwootide.mdm.R$color: int encode_view
com.shwootide.mdm.R$color: int gray
com.shwootide.mdm.R$color: int green
com.shwootide.mdm.R$color: int help_button_view
com.shwootide.mdm.R$color: int help_view
com.shwootide.mdm.R$color: int home
com.shwootide.mdm.R$color: int item_normal_color
com.shwootide.mdm.R$color: int item_selected_color
com.shwootide.mdm.R$color: int list_bg
com.shwootide.mdm.R$color: int list_item_focus
com.shwootide.mdm.R$color: int maincolor
com.shwootide.mdm.R$color: int possible_result_points
com.shwootide.mdm.R$color: int powerby_color
com.shwootide.mdm.R$color: int red
com.shwootide.mdm.R$color: int result_image_border
com.shwootide.mdm.R$color: int result_minor_text
com.shwootide.mdm.R$color: int result_points
com.shwootide.mdm.R$color: int result_text
com.shwootide.mdm.R$color: int result_view
com.shwootide.mdm.R$color: int sbc_header_text
com.shwootide.mdm.R$color: int sbc_header_view
com.shwootide.mdm.R$color: int sbc_layout_view
com.shwootide.mdm.R$color: int sbc_list_item
com.shwootide.mdm.R$color: int sbc_page_number_text
com.shwootide.mdm.R$color: int sbc_snippet_text
com.shwootide.mdm.R$color: int share_text
com.shwootide.mdm.R$color: int share_view
com.shwootide.mdm.R$dimen: int activity_horizontal_margin
com.shwootide.mdm.R$dimen: int activity_vertical_margin
com.shwootide.mdm.R$dimen: int add_btn_height_
com.shwootide.mdm.R$dimen: int chart_left
com.shwootide.mdm.R$dimen: int chart_mid
com.shwootide.mdm.R$dimen: int chart_right
com.shwootide.mdm.R$dimen: int chart_weight
com.shwootide.mdm.R$dimen: int common_btn_height
com.shwootide.mdm.R$dimen: int common_btn_height_
com.shwootide.mdm.R$dimen: int common_btn_weight_
com.shwootide.mdm.R$dimen: int common_btn_width
com.shwootide.mdm.R$dimen: int common_content_fontsize
com.shwootide.mdm.R$dimen: int common_content_height
com.shwootide.mdm.R$dimen: int common_foot_fontsize
com.shwootide.mdm.R$dimen: int common_form_head_fontsize
com.shwootide.mdm.R$dimen: int common_form_head_height
com.shwootide.mdm.R$dimen: int common_item_height
com.shwootide.mdm.R$dimen: int common_left_padding
com.shwootide.mdm.R$dimen: int common_line_height
com.shwootide.mdm.R$dimen: int common_listview_fontsize
com.shwootide.mdm.R$dimen: int common_listview_height
com.shwootide.mdm.R$dimen: int common_margin_left
com.shwootide.mdm.R$dimen: int common_right_padding
com.shwootide.mdm.R$dimen: int common_title_font_size
com.shwootide.mdm.R$dimen: int common_title_fontsize
com.shwootide.mdm.R$dimen: int common_title_height
com.shwootide.mdm.R$dimen: int date_button_width
com.shwootide.mdm.R$dimen: int date_kongjian_height
com.shwootide.mdm.R$dimen: int date_textview_width
...
android.support.v4.app.BackStackState
android.support.v4.app.BackStackState: android.os.Parcelable$Creator CREATOR
android.support.v4.app.Fragment$SavedState
android.support.v4.app.Fragment$SavedState: android.os.Parcelable$Creator CREATOR
android.support.v4.app.FragmentActivity: FragmentActivity()
android.support.v4.app.FragmentManagerState
android.support.v4.app.FragmentManagerState: android.os.Parcelable$Creator CREATOR
android.support.v4.app.FragmentState
android.support.v4.app.FragmentState: android.os.Parcelable$Creator CREATOR
android.support.v4.app.FragmentTabHost: void setOnTabChangedListener(android.widget.TabHost$OnTabChangeListener)
android.support.v4.app.FragmentTabHost$SavedState
android.support.v4.app.FragmentTabHost$SavedState: android.os.Parcelable$Creator CREATOR
android.support.v4.content.ModernAsyncTask$Status: android.support.v4.content.ModernAsyncTask$Status[] values()
android.support.v4.content.ModernAsyncTask$Status: android.support.v4.content.ModernAsyncTask$Status valueOf(java.lang.String)
android.support.v4.view.PagerTabStrip: void setTabIndicatorColor(int)
android.support.v4.view.PagerTabStrip: void setTabIndicatorColorResource(int)
android.support.v4.view.PagerTabStrip: int getTabIndicatorColor()
android.support.v4.view.PagerTabStrip: void setTextSpacing(int)
android.support.v4.view.PagerTabStrip: void setBackgroundDrawable(android.graphics.drawable.Drawable)
android.support.v4.view.PagerTabStrip: void setBackgroundColor(int)
android.support.v4.view.PagerTabStrip: void setBackgroundResource(int)
android.support.v4.view.PagerTabStrip: void setDrawFullUnderline(boolean)
android.support.v4.view.PagerTabStrip: boolean getDrawFullUnderline()
android.support.v4.view.PagerTabStrip: int getMinHeight()
android.support.v4.view.PagerTitleStrip: void setSingleLineAllCaps(android.widget.TextView)
android.support.v4.view.PagerTitleStrip: void setTextSpacing(int)
android.support.v4.view.PagerTitleStrip: int getTextSpacing()
android.support.v4.view.PagerTitleStrip: void setNonPrimaryAlpha(float)
android.support.v4.view.PagerTitleStrip: void setTextColor(int)
android.support.v4.view.PagerTitleStrip: void setGravity(int)
android.support.v4.view.PagerTitleStrip: int getMinHeight()
android.support.v4.view.ViewPager: void setScrollState(int)
android.support.v4.view.ViewPager: void setAdapter(android.support.v4.view.PagerAdapter)
android.support.v4.view.ViewPager: android.support.v4.view.PagerAdapter getAdapter()
android.support.v4.view.ViewPager: void setOnAdapterChangeListener(android.support.v4.view.ViewPager$OnAdapterChangeListener)
android.support.v4.view.ViewPager: void setCurrentItem(int)
android.support.v4.view.ViewPager: int getCurrentItem()
android.support.v4.view.ViewPager: void setOnPageChangeListener(android.support.v4.view.ViewPager$OnPageChangeListener)
android.support.v4.view.ViewPager: void setChildrenDrawingOrderEnabledCompat(boolean)
android.support.v4.view.ViewPager: int getOffscreenPageLimit()
android.support.v4.view.ViewPager: void setOffscreenPageLimit(int)
android.support.v4.view.ViewPager: void setPageMargin(int)
android.support.v4.view.ViewPager: int getPageMargin()
android.support.v4.view.ViewPager: void setPageMarginDrawable(android.graphics.drawable.Drawable)
android.support.v4.view.ViewPager: void setPageMarginDrawable(int)
android.support.v4.view.ViewPager: void setScrollingCacheEnabled(boolean)
android.support.v4.view.ViewPager$SavedState
android.support.v4.view.ViewPager$SavedState: android.os.Parcelable$Creator CREATOR
com.ab.activity.AbActivity: AbActivity()
com.ab.activity.AbActivity: void setAbContentView(android.view.View)
com.ab.activity.AbActivity: void setBottomView(android.view.View)
com.ab.activity.AbActivity: void setContentView(android.view.View)
com.ab.activity.AbActivity$Method: com.ab.activity.AbActivity$Method[] values()
com.ab.activity.AbActivity$Method: com.ab.activity.AbActivity$Method valueOf(java.lang.String)