proguard/mapping.txt
com.shwootide.mdm.common.CheckUpdate -> com.shwootide.mdm.a.a:
    com.ab.http.AbHttpUtil mAbHttpUtil -> b
    android.os.Handler handler -> c
    int newVerCode -> d
    java.lang.String newVerName -> e
    android.content.Context mContext -> f
    android.app.ProgressDialog pBar -> a
    void doNewVersionUpdate(java.lang.String) -> b
    void downFile(java.lang.String) -> a
    android.content.Context access$0(com.shwootide.mdm.common.CheckUpdate) -> a
com.shwootide.mdm.common.CheckUpdate$1 -> com.shwootide.mdm.a.b:
    com.shwootide.mdm.common.CheckUpdate this$0 -> a
    java.lang.String val$url -> b
    void onClick(android.content.DialogInterface,int) -> onClick
com.shwootide.mdm.common.CheckUpdate$2 -> com.shwootide.mdm.a.c:
    com.shwootide.mdm.common.CheckUpdate this$0 -> a
    void onClick(android.content.DialogInterface,int) -> onClick
com.shwootide.mdm.common.CheckUpdate$3 -> com.shwootide.mdm.a.d:
    com.shwootide.mdm.common.CheckUpdate this$0 -> a
    void onSuccess(int,java.io.File) -> a
    void onStart() -> b
    void onFailure(int,java.lang.String,java.lang.Throwable) -> a
    void onProgress(int,int) -> a
    void onFinish() -> c
com.shwootide.mdm.common.Configuration -> com.shwootide.mdm.a.e:
    boolean initFlag -> a
    int oldVersion -> b
    boolean isNetworkAvailable -> c
    boolean isLastLoadWeiboListFinish -> d
    int width -> e
    int height -> f
    boolean debugIsOn -> g
    boolean IMEI_IS_SIGN -> h
com.shwootide.mdm.devadmin.MyAdmin -> com.shwootide.mdm.devadmin.MyAdmin:
    void onReceive(android.content.Context,android.content.Intent) -> onReceive
com.shwootide.mdm.pojo.AfficheView -> com.shwootide.mdm.b.a:
    java.lang.String json -> a
    java.lang.String Headline -> b
    java.lang.String AnnounceContent -> c
    java.lang.String PublishTime -> d
    com.shwootide.mdm.pojo.Attachments[] Attachments -> e
    java.lang.String UserName -> f
    java.lang.String getJson() -> a
    void setJson(java.lang.String) -> a
    com.shwootide.mdm.pojo.Attachments[] getAttachments() -> b
    java.lang.String getHeadline() -> c
    java.lang.String getAnnounceContent() -> d
    java.lang.String getPublishTime() -> e
    java.lang.String getUserName() -> f
com.shwootide.mdm.pojo.App -> com.shwootide.mdm.b.b:
    java.lang.String ApplicationName -> a
    java.lang.String ApplicationType -> b
    java.lang.String DownloadUrl -> c
    java.lang.String PackageName -> d
    java.lang.String getPackageName() -> a
    java.lang.String getDownloadUrl() -> b
    java.lang.String getApplicationName() -> c
    java.lang.String getApplicationType() -> d
com.shwootide.mdm.pojo.AppInfo -> com.shwootide.mdm.b.c:
    java.lang.String appName -> a
    java.lang.String bundledId -> b
    java.lang.String versionName -> c
    java.lang.String getBundledId() -> a
com.shwootide.mdm.pojo.Attachments -> com.shwootide.mdm.b.d:
    java.lang.String Name -> a
    java.lang.String DownloadUrl -> b
    java.lang.String Size -> c
    java.lang.String getName() -> a
    java.lang.String getDownloadUrl() -> b
    java.lang.String getSize() -> c
com.shwootide.mdm.pojo.File -> com.shwootide.mdm.b.e:
    java.lang.String path -> a
    java.lang.String url -> b
    java.lang.String getPath() -> a
    void setPath(java.lang.String) -> a
    void setUrl(java.lang.String) -> b
com.shwootide.mdm.pojo.FlowrRecord -> com.shwootide.mdm.b.f:
    long WwanReceive -> a
    long WwanSend -> b
    long WifiReceive -> c
    long WifiSend -> d
    java.lang.String StartTime -> e
    java.lang.String EndTime -> f
    long getWwanReceive() -> a
    void setWwanReceive(long) -> a
    long getWwanSend() -> b
    void setWwanSend(long) -> b
    long getWifiReceive() -> c
    void setWifiReceive(long) -> c
    long getWifiSend() -> d
    void setWifiSend(long) -> d
    void setStartTime(java.lang.String) -> a
    java.lang.String getEndTime() -> e
    void setEndTime(java.lang.String) -> b
...
sdk.a.a.a.a.a.i -> sdk.a.a.a.a.a.i:
    long a -> a
    java.lang.String b -> b
    void a(byte[]) -> a
    byte[] c() -> c
sdk.b.a.a.a.a -> sdk.b.a.a.a.a:
    boolean a -> a
    com.igexin.sdk.SdkMainService b -> b
    void a() -> a
    void b() -> b
    boolean a(java.lang.Object,sdk.c.a.e.e) -> a
    boolean a(sdk.c.a.e.d,sdk.c.a.e.e) -> a
    void c() -> c
    boolean d() -> d
sdk.b.a.a.a.b -> sdk.b.a.a.a.b:
    long c -> c
    java.lang.String e -> e
    java.lang.String f -> f
    java.lang.String g -> g
    android.content.ContentValues h -> h
    java.lang.String i -> i
    java.lang.String j -> j
    java.lang.String k -> k
    sdk.a.a.a.a.a.h l -> l
    java.lang.String m -> m
    int d -> d
    boolean a(java.lang.Object,sdk.c.a.e.e) -> a
    boolean a(sdk.c.a.e.d,sdk.c.a.e.e) -> a
    void a() -> a
    void b() -> b
    void a(java.lang.String,java.lang.String) -> a
    void a(java.lang.String) -> a
    void a(java.io.File) -> a
    void f() -> f
    void e() -> e
    void a(boolean) -> a
    boolean a(sdk.c.b.a.b.b) -> a
    boolean a(org.json.JSONObject,sdk.b.a.a.b.n) -> a
sdk.b.a.a.a.c -> sdk.b.a.a.a.c:
    int d -> d
    boolean c -> c
    void a() -> a
    void e() -> e
    boolean a(java.lang.Object,sdk.c.a.e.e) -> a
    boolean a(sdk.c.a.e.d,sdk.c.a.e.e) -> a
    void b() -> b
sdk.b.a.a.b.a -> sdk.b.a.a.b.a:
    java.lang.String a -> a
    java.lang.String b -> b
    java.lang.String c -> c
    java.lang.String d -> d
    java.lang.String e -> e
    java.lang.String f -> f
    java.lang.String g -> g
    java.lang.String h -> h
    java.lang.String i -> i
    java.lang.String a() -> a
    void a(java.lang.String) -> a
    java.lang.String b() -> b
    java.lang.String c() -> c
    void b(java.lang.String) -> b
    java.lang.String d() -> d
    void c(java.lang.String) -> c
    java.lang.String e() -> e
    void d(java.lang.String) -> d
    java.lang.String f() -> f
    void e(java.lang.String) -> e
    java.lang.String g() -> g
    void f(java.lang.String) -> f
    java.lang.String h() -> h
    void g(java.lang.String) -> g
    java.lang.String i() -> i
    void h(java.lang.String) -> h
sdk.b.a.a.b.b -> sdk.b.a.a.b.b:
    java.lang.String a -> a
    java.lang.String b -> b
    java.lang.String c -> c
    sdk.b.a.a.b.n d -> d
    boolean e -> e
    java.lang.String f -> f
    java.lang.String g -> g
    java.lang.String h -> h
    java.lang.String i -> i
    boolean j -> j
    boolean k -> k
    int l -> l
    java.lang.String m -> m
    java.lang.String a() -> a
    java.lang.String b() -> b
    boolean c() -> c
    boolean d() -> d
    void a(sdk.b.a.a.b.n) -> a
    sdk.b.a.a.b.n e() -> e
    java.lang.String f() -> f
    java.lang.String g() -> g
    java.lang.String h() -> h
    int i() -> i
    java.lang.String j() -> j
    java.lang.String k() -> k
    boolean l() -> l
    void a(boolean) -> a
    java.lang.String m() -> m
sdk.b.a.a.b.c -> sdk.b.a.a.b.c:
    java.lang.String a -> a
    java.lang.String b -> b
    java.lang.String c -> c
    java.lang.String d -> d
    java.lang.String e -> e
    java.lang.String f -> f
sdk.b.a.a.b.d -> sdk.b.a.a.b.d:
    java.lang.String a -> a
    java.lang.String b -> b
    java.lang.String c -> c
    java.lang.String d -> d
    java.lang.String e -> e
    java.lang.String j() -> j
    void i(java.lang.String) -> i
    java.lang.String k() -> k
    void j(java.lang.String) -> j
    java.lang.String l() -> l
    void k(java.lang.String) -> k
    void l(java.lang.String) -> l
    java.lang.String m() -> m
    void m(java.lang.String) -> m
    java.lang.String n() -> n
sdk.b.a.a.b.e -> sdk.b.a.a.b.e:
    java.lang.String a -> a
    java.lang.String b -> b
    java.lang.String a() -> a
    void a(java.lang.String) -> a
    java.lang.String b() -> b
    void b(java.lang.String) -> b