proguard/usage.txt
com.shwootide.mdm.BuildConfig
com.shwootide.mdm.R
com.shwootide.mdm.R$array
com.shwootide.mdm.R$attr
com.shwootide.mdm.R$color
com.shwootide.mdm.R$dimen
com.shwootide.mdm.R$drawable
com.shwootide.mdm.R$id
com.shwootide.mdm.R$layout
com.shwootide.mdm.R$string
com.shwootide.mdm.R$style
com.shwootide.mdm.R$xml
com.shwootide.mdm.common.CheckUpdate:
    private static final java.lang.String TAG
com.shwootide.mdm.common.Configuration:
    public static final java.lang.String DBSchemaPath
    public static final java.lang.String DatabaseFile
    public static final java.lang.String ServerIP
    public static final java.lang.String DOWNLOAD_ATTACHMENT_URL
    public static final java.lang.String DATETIMEFORMAT
    public static final java.lang.String ServerStart
    public static final java.lang.String ServerHost
    public static final java.lang.String UPDATE_SERVER
    public static final java.lang.String UPDATE_VER
    public static final java.lang.String UPDATE_APKNAME
    public static final java.lang.String UPDATE_SAVENAME
    public static final java.lang.String CHANNEL_NAME
    public static final java.lang.String postImageUrl
    public static final java.lang.String postHeadUrl
    public static final java.lang.String getImageUrl
    public static final java.lang.String getImageWidth
    public static final java.lang.String getImageHeighth
    public static final java.lang.String localImagesPath
    public static final int SEND_PORT_NO
    public static final int LISTENING_PORT_NO
    public static final int DatabaseVersion
    public static final java.lang.String SemicolonSeparator
    public static final java.lang.String CommaSeparator
    public static final int PAGE_COUNT
    public static final java.lang.String SETTING_INFOS
    public static final java.lang.String USERID
    public static final java.lang.String USERNAME
com.shwootide.mdm.pojo.APN
com.shwootide.mdm.pojo.AfficheView:
    private int id
    15:15:public int getId()
    18:19:public void setId(int)
    29:30:public void setAttachments(com.shwootide.mdm.pojo.Attachments[])
    37:38:public void setHeadline(java.lang.String)
    43:44:public void setAnnounceContent(java.lang.String)
    49:50:public void setPublishTime(java.lang.String)
    55:56:public void setUserName(java.lang.String)
com.shwootide.mdm.pojo.App:
    private int id
    34:34:public int getId()
    37:38:public void setId(int)
    43:44:public void setPackageName(java.lang.String)
    49:50:public void setDownloadUrl(java.lang.String)
    55:56:public void setApplicationName(java.lang.String)
    61:62:public void setApplicationType(java.lang.String)
com.shwootide.mdm.pojo.AppInfo:
    23:23:public java.lang.String getAppName()
    29:30:public void setBundledId(java.lang.String)
    32:33:public void setAppName(java.lang.String)
    41:41:public java.lang.String getVersionName()
    44:45:public void setVersionName(java.lang.String)
com.shwootide.mdm.pojo.AppManager
com.shwootide.mdm.pojo.Attachments:
    private int id
    private java.lang.String CreateTime
    6:6:public int getId()
    9:10:public void setId(int)
    19:20:public void setName(java.lang.String)
    22:22:public java.lang.String getCreateTime()
    25:26:public void setCreateTime(java.lang.String)
    31:32:public void setDownloadUrl(java.lang.String)
    37:38:public void setSize(java.lang.String)
com.shwootide.mdm.pojo.Block
com.shwootide.mdm.pojo.Device
com.shwootide.mdm.pojo.File:
    private int id
    8:8:public int getId()
    11:12:public void setId(int)
    20:20:public java.lang.String getUrl()
com.shwootide.mdm.pojo.Flow
com.shwootide.mdm.pojo.FlowrRecord:
    private int id
    6:6:public int getId()
    9:10:public void setId(int)
    42:42:public java.lang.String getStartTime()
...
com.ab.util.dct.FDCT
com.ab.util.dct.IFDCT
com.ab.view.app.AbAnalogClock
com.ab.view.app.AbAnalogClock$1
com.ab.view.app.AbAnalogClock$2
com.ab.view.app.AbCalendar
com.ab.view.app.AbCalendar$1
com.ab.view.app.AbCameraView
com.ab.view.app.AbCompassView
com.ab.view.app.AbMonitorView:
    66:67:public AbMonitorView(android.content.Context)
    76:82:public AbMonitorView(android.content.Context,android.util.AttributeSet)
com.ab.view.app.AbNumberClock
com.ab.view.app.AbNumberClock$1
com.ab.view.app.AbNumberClock$2
com.ab.view.app.AbPopoverView
com.ab.view.app.AbPopoverView$1
com.ab.view.app.AbPopoverView$2
com.ab.view.app.AbPopoverView$PopoverViewListener
com.ab.view.app.AbRotate3dAnimation
com.ab.view.calendar.CalendarCell
com.ab.view.calendar.CalendarHeader
com.ab.view.calendar.CalendarView
com.ab.view.calendar.CalendarView$1
com.ab.view.carousel.CarouselAdapter:
    public static final int ITEM_VIEW_TYPE_IGNORE
    public static final int ITEM_VIEW_TYPE_HEADER_OR_FOOTER
    static final int SYNC_SELECTED_POSITION
    static final int SYNC_FIRST_POSITION
    static final int SYNC_MAX_DURATION_MILLIS
    public static final int INVALID_POSITION
    public static final long INVALID_ROW_ID
    197:198:public CarouselAdapter(android.content.Context)
    201:202:public CarouselAdapter(android.content.Context,android.util.AttributeSet)
    205:206:public CarouselAdapter(android.content.Context,android.util.AttributeSet,int)
    259:265:public boolean performItemClick(android.view.View,int,long)
    555:575:public int getPositionForView(android.view.View)
    716:717:public java.lang.Object getItemAtPosition(int)
com.ab.view.carousel.CarouselAdapter$AdapterContextMenuInfo
com.ab.view.carousel.CarouselAdapter$AdapterDataSetObserver:
    795:796:public void clearSavedState()
com.ab.view.carousel.CarouselAdapter$OnItemClickListener:
    public abstract void onItemClick(com.ab.view.carousel.CarouselAdapter,android.view.View,int,long)
com.ab.view.carousel.CarouselAdapter$OnItemLongClickListener:
    public abstract boolean onItemLongClick(com.ab.view.carousel.CarouselAdapter,android.view.View,int,long)
com.ab.view.carousel.CarouselImageAdapter
com.ab.view.carousel.CarouselImageView
com.ab.view.carousel.CarouselImageView$1
com.ab.view.carousel.CarouselImageView$2
com.ab.view.carousel.CarouselImageView$3
com.ab.view.carousel.CarouselImageView$FlingRotateRunnable
com.ab.view.carousel.CarouselItemImage
com.ab.view.carousel.CarouselItemView
com.ab.view.carousel.CarouselSpinner:
    37:39:public CarouselSpinner(android.content.Context)
    42:43:public CarouselSpinner(android.content.Context,android.util.AttributeSet)
    46:48:public CarouselSpinner(android.content.Context,android.util.AttributeSet,int)
    54:56:private void initCarouselSpinner()
    116:119:public void setSelection(int,boolean)
    257:267:void recycleAllViews()
    298:335:public int pointToPositionView(int,int)
    348:385:public int pointToPositionImage(int,int)
    1:1:static synthetic void access$2(com.ab.view.carousel.CarouselSpinner,android.view.View,boolean)
com.ab.view.carousel.CarouselSpinner$RecycleBin:
    final synthetic com.ab.view.carousel.CarouselSpinner this$0
    464:465:CarouselSpinner$RecycleBin(com.ab.view.carousel.CarouselSpinner)
    484:493:void clear()
com.ab.view.carousel.CarouselView
com.ab.view.carousel.CarouselView$1
com.ab.view.carousel.CarouselView$2
com.ab.view.carousel.CarouselView$3
com.ab.view.carousel.CarouselView$FlingRotateRunnable
com.ab.view.carousel.CarouselViewAdapter
com.ab.view.carousel.CarouselViewAdapter$1
com.ab.view.carousel.CarouselViewAdapter$2
com.ab.view.carousel.Rotator
com.ab.view.chart.AbstractChart
com.ab.view.chart.AbstractTool
com.ab.view.chart.AreaChart
com.ab.view.chart.BarChart
com.ab.view.chart.BarChart$Type
com.ab.view.chart.BasicStroke
com.ab.view.chart.CategorySeries
com.ab.view.chart.ChartFactory
com.ab.view.chart.ClickableArea
com.ab.view.chart.DefaultRenderer
com.ab.view.chart.FitZoom